<?xml version="1.0" encoding="UTF-8"?>
<!-- Generated by org.testng.reporters.JUnitXMLReporter -->
<testsuite ignored="2" hostname="LAPTOP-0GFGS3J5" failures="0" tests="3" name="AccountTesting" time="8.746" errors="0" timestamp="2024-05-04T08:24:43 IST">
  <testcase classname="testngbasics.CheckBoxTestcase" name="verify_single_checkBox_header_text" time="0.046"/>
  <testcase classname="testngbasics.CheckBoxTestcase" name="verify_single_checkBox_header_text" time="0.058"/>
  <testcase classname="testngbasics.CheckBoxTestcase" name="verify_single_checkBox_label" time="0.052"/>
  <testcase classname="testngbasics.CheckBoxTestcase" name="verify_single_check_box_displayed" time="0.0">
    <ignored/>
  </testcase> <!-- verify_single_check_box_displayed -->
  <testcase classname="testngbasics.CheckBoxTestcase" name="verify_multiple_checkBox_header_text" time="0.0">
    <ignored/>
  </testcase> <!-- verify_multiple_checkBox_header_text -->
</testsuite> <!-- AccountTesting -->
