<?xml version="1.0" encoding="UTF-8"?>
<!-- Generated by org.testng.reporters.JUnitXMLReporter -->
<testsuite ignored="1" hostname="LAPTOP-0GFGS3J5" failures="1" tests="1" name="LoginTesting(failed)" time="4.041" errors="0" timestamp="2024-05-04T08:20:41 IST">
  <testcase classname="testngbasics.BasicTestCase" name="verify_title" time="0.054">
    <failure type="java.lang.AssertionError" message="expected [https://www.amazon.in/] but found [Online Shopping site in India: Shop Online for Mobiles, Books, Watches, Shoes and More - Amazon.in]">
      <![CDATA[java.lang.AssertionError: expected [https://www.amazon.in/] but found [Online Shopping site in India: Shop Online for Mobiles, Books, Watches, Shoes and More - Amazon.in]
at testngbasics.BasicTestCase.verify_title(BasicTestCase.java:32)
at java.base/java.util.ArrayList.forEach(ArrayList.java:1511)
... Removed 33 stack frames]]>
    </failure>
  </testcase> <!-- verify_title -->
  <testcase classname="testngbasics.BasicTestCase" name="verify_url" time="0.0">
    <ignored/>
  </testcase> <!-- verify_url -->
</testsuite> <!-- LoginTesting(failed) -->
